<?xml version="1.0" encoding="UTF-8"?>
<!-- Generated by org.testng.reporters.JUnitXMLReporter -->
<testsuite ignored="0" hostname="Kishwors-MacBook-Pro.local" failures="0" tests="2" name="Default test" time="37.124" errors="0" timestamp="2023-03-30T11:42:59 EDT">
  <testcase classname="io.cucumber.testng.AbstractTestNGCucumberTests" name="runScenario" time="36.785"/>
  <testcase classname="io.cucumber.testng.AbstractTestNGCucumberTests" name="runScenario" time="36.785"/>
</testsuite> <!-- Default test -->
