<?xml version="1.0" encoding="UTF-8"?>
<testng-results ignored="0" total="2" passed="2" failed="0" skipped="0">
  <reporter-output>
  </reporter-output>
  <suite started-at="2023-03-30T11:51:23 EDT" name="Suite" finished-at="2023-03-30T11:52:19 EDT" duration-ms="55301">
    <groups>
      <group name="cucumber">
        <method signature="AbstractTestNGCucumberTests.runScenario(io.cucumber.testng.PickleWrapper,io.cucumber.testng.FeatureWrapper)[pri:0, instance:runner.TestRunner@1a942c18]" name="runScenario" class="io.cucumber.testng.AbstractTestNGCucumberTests"/>
      </group> <!-- cucumber -->
    </groups>
    <test started-at="2023-03-30T11:51:23 EDT" name="Test" finished-at="2023-03-30T11:52:19 EDT" duration-ms="55301">
      <class name="runner.TestRunner">
        <test-method is-config="true" signature="setUpClass(org.testng.ITestContext)[pri:0, instance:runner.TestRunner@1a942c18]" started-at="2023-03-30T11:51:23 EDT" name="setUpClass" finished-at="2023-03-30T11:51:24 EDT" duration-ms="284" status="PASS">
          <params>
            <param index="0">
              <value>
                <![CDATA[org.testng.TestRunner@7486b455]]>
              </value>
            </param>
          </params>
          <reporter-output>
          </reporter-output>
        </test-method> <!-- setUpClass -->
        <test-method signature="runScenario(io.cucumber.testng.PickleWrapper,io.cucumber.testng.FeatureWrapper)[pri:0, instance:runner.TestRunner@1a942c18]" started-at="2023-03-30T11:51:24 EDT" name="runScenario" description="Runs Cucumber Scenarios" data-provider="scenarios" finished-at="2023-03-30T11:51:54 EDT" duration-ms="30348" status="PASS">
          <params>
            <param index="0">
              <value>
                <![CDATA["Buy an item with valid credit card info"]]>
              </value>
            </param>
            <param index="1">
              <value>
                <![CDATA["Buy an item"]]>
              </value>
            </param>
          </params>
          <reporter-output>
          </reporter-output>
        </test-method> <!-- runScenario -->
        <test-method signature="runScenario(io.cucumber.testng.PickleWrapper,io.cucumber.testng.FeatureWrapper)[pri:0, instance:runner.TestRunner@1a942c18]" started-at="2023-03-30T11:51:54 EDT" name="runScenario" description="Runs Cucumber Scenarios" data-provider="scenarios" finished-at="2023-03-30T11:52:19 EDT" duration-ms="24606" status="PASS">
          <params>
            <param index="0">
              <value>
                <![CDATA["Buy an item with valid credit card info4"]]>
              </value>
            </param>
            <param index="1">
              <value>
                <![CDATA["Buy an item"]]>
              </value>
            </param>
          </params>
          <reporter-output>
          </reporter-output>
        </test-method> <!-- runScenario -->
        <test-method is-config="true" signature="tearDownClass()[pri:0, instance:runner.TestRunner@1a942c18]" started-at="2023-03-30T11:52:19 EDT" name="tearDownClass" finished-at="2023-03-30T11:52:19 EDT" duration-ms="7" status="PASS">
          <reporter-output>
          </reporter-output>
        </test-method> <!-- tearDownClass -->
      </class> <!-- runner.TestRunner -->
    </test> <!-- Test -->
  </suite> <!-- Suite -->
</testng-results>
